  = = = = = = BIGSTICK run log file = = = = = = 
  Code and run information 
  BIGSTICK Version 7.9.12 Mar 2021
  Run date: 2022-03-22
  Menu choice: d  

 Running on NERSC_HOST: none
 scratch_dir (*.wfn,...): .
 Number of MPI processors =           1 , with # OpenMP threads =            1
  
  Information on defaults/flags (found in module flagger in file bmodules_flags.f90):
  Limits on storage (found in module flagger in file bmodules_flags.f90):
  maxjumpmemory_default =    32.5000000      Gb 
  maxlanczosstorage1 =    16.0000000      Gb 
  flag iffulluseph (if full, use particle-hole transformation ) =  T
  
           2  neutron holes =            4  neutrons 
  
  Many-body system information 
  Single particle space found in 0p                                      
  Isospin formalism for single-particle space
  Proton-neutron formalism is not yet fully implemented...is it?
 Valence Z =            2 , valence N =            2
  M =            0 , parity = +
  
 there are            5  sectors            1
 there are            5  sectors            2
  Total basis dimension:                    51
  # Slater determinants: proton                    15 , neutron                    15
  # sectors: protons            5 , neutrons            5
   1 max # 2-body jumps in a sector jump              15 =>     0.000 Gb storage
   2 max # 2-body jumps in a sector jump              15 =>     0.000 Gb storage
   1 max # 1-body jumps in a sector jump              18 =>     0.000 Gb storage
   2 max # 1-body jumps in a sector jump              18 =>     0.000 Gb storage
  Time to compute jumps :    0.0000000000000000     
  avg storage per operation available    18550228.748858448       bytes
  avg storage per weighted operation avail:    2447657.8376261485       bytes/ns
 opfragstat(           1 ,            1 )%nnodes =            1
  frags            1 ->           1  on procs            0           0
 RAM for 2 lanczos vectors in storage         :        0.000 Mb 
 RAM for jumps in storage    (total)          :           0.006 Mb 
 RAM for uncoupled two-body matrix elements   :        0.001 Mb 
  total # operations                  1752  ~ ops/jump =    6.68702269    
  Effective storage per operation =    3.2910958904109591       bytes 
 Total nonzero matrix (including indices, assuming hermitian) would require   0.7008E-05 Gb storage 
  
  Interactions read in: 
  opening OXBASH/NuSHELL-style isospin formatted file pkuo.int
 ! https://journals.aps.org/prc/pdf/10.1103/PhysRevC.46.923            
 ! table X                                                             
 ! 1=p1/2 2=p3/2                                                       
  Scaling: spe    1.00000000      TBMEs by (   6.00000000     /   10.0000000     )^  0.300000012      =   0.857917190    
          15  two-body matrix elements in this file 
  As a check, first two-body matrix element in list is   -2.53239989    
  No one-body potential beyond single-particle energies 
  Time to compute jumps :    0.0000000000000000     
  Testing for loss of orthogonality on iteration           50
  loss of orthogonality    -13.549735378823208        1.6255474545002542E-002  0.35836275763613568     

          50  iterations 
  Average time per processor is    8.0000001471489668E-003  max    8.0000001471489668E-003
  Time to run after lanczos:    1.2000000104308128E-002
  Time to run after lanczos:    1.3000000035390258E-002
  Total time to run :    1.3000000035390258E-002
  Time to compute basis :    0.0000000000000000     
  Time to count up jumps :    0.0000000000000000     
  Time to create descendents :    0.0000000000000000     
  Time to setup for matrix elements :    0.0000000000000000     
  Time to decouple matrix elements :    0.0000000000000000     
  Time to compute jumps :    0.0000000000000000     
  Time to sort 1b-jumps :    0.0000000000000000     
  Time to set up pivot :    0.0000000000000000     
  Time to compute lanczos :    1.0000000009313226E-002
  Time total in H mat-vec multiply  :    8.0000001471489668E-003
  Time to apply sp energies :    0.0000000000000000     
  Time in pn :    1.9999998621642590E-003
  Time in pn(back) :    0.0000000000000000     
  Time in 2-body (pp) :    3.9999999571591616E-003
  Time in 2-body (nn) :    1.0000001639127731E-003
  Time in reorthogonalization :    0.0000000000000000     
  Time in reduce (in applyh only) :    9.9999993108212948E-004
  Time spent diagonalizing. :    9.9999993108212948E-004
  Time to build eigenvectors. :    0.0000000000000000     
  Time to compute J^2, T^2 :    0.0000000000000000     
  Time to compute 1b densities:    9.9999993108212948E-004
  Time to write 1b densities :    0.0000000000000000     
  
  *** END OF LOG *** END OF LOG *** END OF LOG *** 
