  = = = = = = BIGSTICK run log file = = = = = = 
  Code and run information 
  BIGSTICK Version 7.9.12 Mar 2021
  Run date: 2022-03-23
  Menu choice: d  

 Running on NERSC_HOST: none
 scratch_dir (*.wfn,...): .
 Number of MPI processors =           1 , with # OpenMP threads =            1
  
  Information on defaults/flags (found in module flagger in file bmodules_flags.f90):
  Limits on storage (found in module flagger in file bmodules_flags.f90):
  maxjumpmemory_default =    32.5000000      Gb 
  maxlanczosstorage1 =    16.0000000      Gb 
  flag iffulluseph (if full, use particle-hole transformation ) =  T
  
  
  Many-body system information 
  Single particle space found in sd                                      
  Isospin formalism for single-particle space
  Proton-neutron formalism is not yet fully implemented...is it?
 Valence Z =            1 , valence N =            2
  M =            1 /2, parity = +
  
 there are            6  sectors            1
 there are            6  sectors            2
  Total basis dimension:                   128
  # Slater determinants: proton                    12 , neutron                    58
  # sectors: protons            6 , neutrons            6
   2 max # 2-body jumps in a sector jump             105 =>     0.000 Gb storage
   1 max # 1-body jumps in a sector jump               9 =>     0.000 Gb storage
   2 max # 1-body jumps in a sector jump              72 =>     0.000 Gb storage
  Time to compute jumps :    9.9999993108212948E-004
  avg storage per operation available    4472887.5265620695       bytes
  avg storage per weighted operation avail:    591253.10668025038       bytes/ns
 opfragstat(           1 ,            1 )%nnodes =            1
  frags            1 ->           1  on procs            0           0
 RAM for 2 lanczos vectors in storage         :        0.001 Mb 
 RAM for jumps in storage    (total)          :           0.025 Mb 
 RAM for uncoupled two-body matrix elements   :        0.012 Mb 
  total # operations                  7266  ~ ops/jump =    6.44720507    
  Effective storage per operation =    3.4427470410129368       bytes 
 Total nonzero matrix (including indices, assuming hermitian) would require   0.2906E-04 Gb storage 
  
  Interactions read in: 
  opening OXBASH/NuSHELL-style isospin formatted file usdb.int
 ! depmas=  0.30 lincom=  56 icntrl= 1 fgserr=  1.00                   
 ! 1=d3/2 2=d5/2 3=s1/2                                                
 ! the first line has the three single-particle energies               
 ! the - sign tells oxbash that the tbme have a mass dependence of the 
 ! [18/(16+n)]^0.3 where n is the number of valence particles          
  Scaling: spe    1.00000000      TBMEs by (   18.0000000     /   19.0000000     )^  0.300000012      =   0.983910680    
          63  two-body matrix elements in this file 
  As a check, first two-body matrix element in list is   -1.37960005    
  No one-body potential beyond single-particle energies 
  Time to compute jumps :    0.0000000000000000     

          60  iterations 
  Average time per processor is    1.1999999871477485E-002  max    1.1999999871477485E-002
  Time to run after lanczos:    1.9000000087544322E-002
  Time to run after lanczos:    2.0000000018626451E-002
  Total time to run :    2.0000000018626451E-002
  Time to compute basis :    0.0000000000000000     
  Time to count up jumps :    0.0000000000000000     
  Time to create descendents :    0.0000000000000000     
  Time to setup for matrix elements :    0.0000000000000000     
  Time to decouple matrix elements :    9.9999993108212948E-004
  Time to compute jumps :    0.0000000000000000     
  Time to sort 1b-jumps :    0.0000000000000000     
  Time to set up pivot :    0.0000000000000000     
  Time to compute lanczos :    1.4999999897554517E-002
  Time total in H mat-vec multiply  :    1.1999999871477485E-002
  Time to apply sp energies :    0.0000000000000000     
  Time in pn :    3.0000000260770321E-003
  Time in pn(back) :    4.9999998882412910E-003
  Time in 2-body (pp) :    0.0000000000000000     
  Time in 2-body (nn) :    9.9999993108212948E-004
  Time in reorthogonalization :    0.0000000000000000     
  Time in reduce (in applyh only) :    0.0000000000000000     
  Time spent diagonalizing. :    9.9999993108212948E-004
  Time to build eigenvectors. :    0.0000000000000000     
  Time to compute J^2, T^2 :    0.0000000000000000     
  Time to compute 1b densities:    9.9999993108212948E-004
  Time to write 1b densities :    0.0000000000000000     
  
  *** END OF LOG *** END OF LOG *** END OF LOG *** 
